<?xml version="1.0" encoding="UTF-8"?>
<!-- Generated by org.testng.reporters.JUnitXMLReporter -->
<testsuite hostname="IN-2PZNRQ3" ignored="0" name="Amazon Full Flow" tests="4" failures="0" timestamp="2025-04-07T12:30:12 IST" time="24.512" errors="0">
  <testcase name="validateSearchSuggestions" time="5.985" classname="testCases.AmazonTest"/>
  <testcase name="selectProductFromDropdown" time="3.435" classname="testCases.AmazonTest"/>
  <testcase name="verifyNewTabAndAppleStoreNavigation" time="5.043" classname="testCases.AmazonTest"/>
  <testcase name="verifyAppleWatchQuickLook" time="3.475" classname="testCases.AmazonTest"/>
</testsuite> <!-- Amazon Full Flow -->
